# JRE version: Java(TM) SE Runtime Environment (8.0_71-b15) (build 1.8.0_71-b15)
# Java VM: Java HotSpot(TM) 64-Bit Server VM (25.71-b15 mixed mode windows-amd64 compressed oops)
Heap:
 PSYoungGen      total 177152K, used 40458K [0x00000000eb580000, 0x00000000f7780000, 0x0000000100000000)
  eden space 166912K, 18% used [0x00000000eb580000,0x00000000ed34df98,0x00000000f5880000)
  from space 10240K, 97% used [0x00000000f5f00000,0x00000000f68b4950,0x00000000f6900000)
  to   space 14848K, 0% used [0x00000000f6900000,0x00000000f6900000,0x00000000f7780000)
 ParOldGen       total 95744K, used 43110K [0x00000000c2000000, 0x00000000c7d80000, 0x00000000eb580000)
  object space 95744K, 45% used [0x00000000c2000000,0x00000000c4a19928,0x00000000c7d80000)
 Metaspace       used 67623K, capacity 68312K, committed 68760K, reserved 1110016K
  class space    used 8422K, capacity 8606K, committed 8624K, reserved 1048576K
GC Heap History (10 events):
Event: 43.485 GC heap before
{Heap before GC invocations=24 (full 2):
 PSYoungGen      total 138240K, used 138077K [0x00000000eb580000, 0x00000000f5c80000, 0x0000000100000000)
  eden space 129024K, 100% used [0x00000000eb580000,0x00000000f3380000,0x00000000f3380000)
  from space 9216K, 98% used [0x00000000f3380000,0x00000000f3c57550,0x00000000f3c80000)
  to   space 10240K, 0% used [0x00000000f5280000,0x00000000f5280000,0x00000000f5c80000)
 ParOldGen       total 58880K, used 25744K [0x00000000c2000000, 0x00000000c5980000, 0x00000000eb580000)
  object space 58880K, 43% used [0x00000000c2000000,0x00000000c3924180,0x00000000c5980000)
 Metaspace       used 54109K, capacity 54582K, committed 55088K, reserved 1097728K
  class space    used 6769K, capacity 6880K, committed 6960K, reserved 1048576K
Event: 43.567 GC heap after
Heap after GC invocations=24 (full 2):
 PSYoungGen      total 157696K, used 10208K [0x00000000eb580000, 0x00000000f6580000, 0x0000000100000000)
  eden space 147456K, 0% used [0x00000000eb580000,0x00000000eb580000,0x00000000f4580000)
  from space 10240K, 99% used [0x00000000f5280000,0x00000000f5c78020,0x00000000f5c80000)
  to   space 13312K, 0% used [0x00000000f4580000,0x00000000f4580000,0x00000000f5280000)
 ParOldGen       total 58880K, used 30433K [0x00000000c2000000, 0x00000000c5980000, 0x00000000eb580000)
  object space 58880K, 51% used [0x00000000c2000000,0x00000000c3db8788,0x00000000c5980000)
 Metaspace       used 54109K, capacity 54582K, committed 55088K, reserved 1097728K
  class space    used 6769K, capacity 6880K, committed 6960K, reserved 1048576K
}
Event: 48.294 GC heap before
{Heap before GC invocations=25 (full 2):
 PSYoungGen      total 157696K, used 157664K [0x00000000eb580000, 0x00000000f6580000, 0x0000000100000000)
  eden space 147456K, 100% used [0x00000000eb580000,0x00000000f4580000,0x00000000f4580000)
  from space 10240K, 99% used [0x00000000f5280000,0x00000000f5c78020,0x00000000f5c80000)
  to   space 13312K, 0% used [0x00000000f4580000,0x00000000f4580000,0x00000000f5280000)
 ParOldGen       total 58880K, used 30433K [0x00000000c2000000, 0x00000000c5980000, 0x00000000eb580000)
  object space 58880K, 51% used [0x00000000c2000000,0x00000000c3db8788,0x00000000c5980000)
 Metaspace       used 56324K, capacity 56968K, committed 57392K, reserved 1099776K
  class space    used 7044K, capacity 7197K, committed 7216K, reserved 1048576K
Event: 48.340 GC heap after
Heap after GC invocations=25 (full 2):
 PSYoungGen      total 160768K, used 11010K [0x00000000eb580000, 0x00000000f7d00000, 0x0000000100000000)
  eden space 147456K, 0% used [0x00000000eb580000,0x00000000eb580000,0x00000000f4580000)
  from space 13312K, 82% used [0x00000000f4580000,0x00000000f5040948,0x00000000f5280000)
  to   space 14848K, 0% used [0x00000000f6e80000,0x00000000f6e80000,0x00000000f7d00000)
 ParOldGen       total 58880K, used 35609K [0x00000000c2000000, 0x00000000c5980000, 0x00000000eb580000)
  object space 58880K, 60% used [0x00000000c2000000,0x00000000c42c67b8,0x00000000c5980000)
 Metaspace       used 56324K, capacity 56968K, committed 57392K, reserved 1099776K
  class space    used 7044K, capacity 7197K, committed 7216K, reserved 1048576K
}
Event: 50.458 GC heap before
{Heap before GC invocations=26 (full 2):
 PSYoungGen      total 160768K, used 43004K [0x00000000eb580000, 0x00000000f7d00000, 0x0000000100000000)
  eden space 147456K, 21% used [0x00000000eb580000,0x00000000ed4be9f8,0x00000000f4580000)
  from space 13312K, 82% used [0x00000000f4580000,0x00000000f5040948,0x00000000f5280000)
  to   space 14848K, 0% used [0x00000000f6e80000,0x00000000f6e80000,0x00000000f7d00000)
 ParOldGen       total 58880K, used 35609K [0x00000000c2000000, 0x00000000c5980000, 0x00000000eb580000)
  object space 58880K, 60% used [0x00000000c2000000,0x00000000c42c67b8,0x00000000c5980000)
 Metaspace       used 58246K, capacity 58834K, committed 59160K, reserved 1101824K
  class space    used 7315K, capacity 7456K, committed 7472K, reserved 1048576K
Event: 50.489 GC heap after
Heap after GC invocations=26 (full 2):
 PSYoungGen      total 188416K, used 11871K [0x00000000eb580000, 0x00000000f7f80000, 0x0000000100000000)
  eden space 173568K, 0% used [0x00000000eb580000,0x00000000eb580000,0x00000000f5f00000)
  from space 14848K, 79% used [0x00000000f6e80000,0x00000000f7a17d10,0x00000000f7d00000)
  to   space 15872K, 0% used [0x00000000f5f00000,0x00000000f5f00000,0x00000000f6e80000)
 ParOldGen       total 58880K, used 35617K [0x00000000c2000000, 0x00000000c5980000, 0x00000000eb580000)
  object space 58880K, 60% used [0x00000000c2000000,0x00000000c42c87b8,0x00000000c5980000)
 Metaspace       used 58246K, capacity 58834K, committed 59160K, reserved 1101824K
  class space    used 7315K, capacity 7456K, committed 7472K, reserved 1048576K
}
Event: 50.489 GC heap before
{Heap before GC invocations=27 (full 3):
 PSYoungGen      total 188416K, used 11871K [0x00000000eb580000, 0x00000000f7f80000, 0x0000000100000000)
  eden space 173568K, 0% used [0x00000000eb580000,0x00000000eb580000,0x00000000f5f00000)
  from space 14848K, 79% used [0x00000000f6e80000,0x00000000f7a17d10,0x00000000f7d00000)
  to   space 15872K, 0% used [0x00000000f5f00000,0x00000000f5f00000,0x00000000f6e80000)
 ParOldGen       total 58880K, used 35617K [0x00000000c2000000, 0x00000000c5980000, 0x00000000eb580000)
  object space 58880K, 60% used [0x00000000c2000000,0x00000000c42c87b8,0x00000000c5980000)
 Metaspace       used 58246K, capacity 58834K, committed 59160K, reserved 1101824K
  class space    used 7315K, capacity 7456K, committed 7472K, reserved 1048576K
Event: 51.050 GC heap after
Heap after GC invocations=27 (full 3):
 PSYoungGen      total 188416K, used 0K [0x00000000eb580000, 0x00000000f7f80000, 0x0000000100000000)
  eden space 173568K, 0% used [0x00000000eb580000,0x00000000eb580000,0x00000000f5f00000)
  from space 14848K, 0% used [0x00000000f6e80000,0x00000000f6e80000,0x00000000f7d00000)
  to   space 15872K, 0% used [0x00000000f5f00000,0x00000000f5f00000,0x00000000f6e80000)
 ParOldGen       total 95744K, used 43102K [0x00000000c2000000, 0x00000000c7d80000, 0x00000000eb580000)
  object space 95744K, 45% used [0x00000000c2000000,0x00000000c4a17928,0x00000000c7d80000)
 Metaspace       used 58246K, capacity 58834K, committed 59160K, reserved 1101824K
  class space    used 7315K, capacity 7456K, committed 7472K, reserved 1048576K
}
Event: 76406.139 GC heap before
{Heap before GC invocations=28 (full 3):
 PSYoungGen      total 188416K, used 173568K [0x00000000eb580000, 0x00000000f7f80000, 0x0000000100000000)
  eden space 173568K, 100% used [0x00000000eb580000,0x00000000f5f00000,0x00000000f5f00000)
  from space 14848K, 0% used [0x00000000f6e80000,0x00000000f6e80000,0x00000000f7d00000)
  to   space 15872K, 0% used [0x00000000f5f00000,0x00000000f5f00000,0x00000000f6e80000)
 ParOldGen       total 95744K, used 43102K [0x00000000c2000000, 0x00000000c7d80000, 0x00000000eb580000)
  object space 95744K, 45% used [0x00000000c2000000,0x00000000c4a17928,0x00000000c7d80000)
 Metaspace       used 67447K, capacity 68166K, committed 68760K, reserved 1110016K
  class space    used 8419K, capacity 8603K, committed 8624K, reserved 1048576K
Event: 76441.624 GC heap after
Heap after GC invocations=28 (full 3):
 PSYoungGen      total 177152K, used 9938K [0x00000000eb580000, 0x00000000f7780000, 0x0000000100000000)
  eden space 166912K, 0% used [0x00000000eb580000,0x00000000eb580000,0x00000000f5880000)
  from space 10240K, 97% used [0x00000000f5f00000,0x00000000f68b4950,0x00000000f6900000)
  to   space 14848K, 0% used [0x00000000f6900000,0x00000000f6900000,0x00000000f7780000)
 ParOldGen       total 95744K, used 43110K [0x00000000c2000000, 0x00000000c7d80000, 0x00000000eb580000)
  object space 95744K, 45% used [0x00000000c2000000,0x00000000c4a19928,0x00000000c7d80000)
 Metaspace       used 67447K, capacity 68166K, committed 68760K, reserved 1110016K
  class space    used 8419K, capacity 8603K, committed 8624K, reserved 1048576K
}

